<?xml version="1.0" encoding="UTF-8"?>
<testng-results ignored="0" total="1" passed="1" failed="0" skipped="0">
  <reporter-output>
  </reporter-output>
  <suite started-at="2022-06-27T10:00:44 IST" name="Gradle suite" finished-at="2022-06-27T10:01:07 IST" duration-ms="22747">
    <groups>
      <group name="Test">
        <method signature="checkoutFlowForCatch.verifyOrderNowFlow()[pri:0, instance:checkoutFlowForCatch@5f266b4a]" name="verifyOrderNowFlow" class="checkoutFlowForCatch"/>
        <method signature="checkoutFlowForCatch.verifySearchForTheProduct()[pri:0, instance:checkoutFlowForCatch@5f266b4a]" name="verifySearchForTheProduct" class="checkoutFlowForCatch"/>
        <method signature="checkoutFlowForCatch.verifyUserIsAbleToOpenURL()[pri:0, instance:checkoutFlowForCatch@5f266b4a]" name="verifyUserIsAbleToOpenURL" class="checkoutFlowForCatch"/>
      </group> <!-- Test -->
    </groups>
    <test started-at="2022-06-27T10:00:44 IST" name="Gradle test" finished-at="2022-06-27T10:01:07 IST" duration-ms="22747">
      <class name="checkoutFlowForCatch">
        <test-method is-config="true" signature="setup(org.testng.ITestContext)[pri:0, instance:checkoutFlowForCatch@5f266b4a]" started-at="2022-06-27T10:00:44 IST" name="setup" finished-at="2022-06-27T10:00:44 IST" duration-ms="11" status="PASS">
          <params>
            <param index="0">
              <value>
                <![CDATA[org.testng.TestRunner@a386f06]]>
              </value>
            </param>
          </params>
          <reporter-output>
          </reporter-output>
        </test-method> <!-- setup -->
        <test-method is-config="true" signature="init(java.lang.reflect.Method)[pri:0, instance:checkoutFlowForCatch@5f266b4a]" started-at="2022-06-27T10:00:44 IST" name="init" finished-at="2022-06-27T10:00:54 IST" duration-ms="9729" status="PASS">
          <params>
            <param index="0">
              <value>
                <![CDATA[public void checkoutFlowForCatch.verifyOrderNowFlow() throws java.lang.InterruptedException]]>
              </value>
            </param>
          </params>
          <reporter-output>
          </reporter-output>
        </test-method> <!-- init -->
        <test-method signature="verifyOrderNowFlow()[pri:0, instance:checkoutFlowForCatch@5f266b4a]" started-at="2022-06-27T10:00:54 IST" name="verifyOrderNowFlow" finished-at="2022-06-27T10:01:06 IST" duration-ms="11652" status="PASS">
          <reporter-output>
          </reporter-output>
        </test-method> <!-- verifyOrderNowFlow -->
        <test-method is-config="true" signature="destroy(org.testng.ITestResult)[pri:0, instance:checkoutFlowForCatch@5f266b4a]" started-at="2022-06-27T10:01:06 IST" name="destroy" finished-at="2022-06-27T10:01:07 IST" duration-ms="1343" status="PASS">
          <params>
            <param index="0">
              <value>
                <![CDATA[[TestResult name=verifyOrderNowFlow status=SUCCESS method=checkoutFlowForCatch.verifyOrderNowFlow()[pri:0, instance:checkoutFlowForCatch@5f266b4a] output={null}]]]>
              </value>
            </param>
          </params>
          <reporter-output>
          </reporter-output>
        </test-method> <!-- destroy -->
      </class> <!-- checkoutFlowForCatch -->
    </test> <!-- Gradle test -->
  </suite> <!-- Gradle suite -->
</testng-results>
